Determining if the pthread_create exist failed with the following output:
Change Dir: /home/user/Abdou/CarND-Term3/CarND_Term3_Project3_Capstone/ros/build/CMakeFiles/CMakeTmp

Run Build Command:"/usr/bin/make" "cmTC_37200/fast"
/usr/bin/make -f CMakeFiles/cmTC_37200.dir/build.make CMakeFiles/cmTC_37200.dir/build
make[1]: Entering directory '/home/user/Abdou/CarND-Term3/CarND_Term3_Project3_Capstone/ros/build/CMakeFiles/CMakeTmp'
Building C object CMakeFiles/cmTC_37200.dir/CheckSymbolExists.c.o
/usr/bin/cc     -o CMakeFiles/cmTC_37200.dir/CheckSymbolExists.c.o   -c /home/user/Abdou/CarND-Term3/CarND_Term3_Project3_Capstone/ros/build/CMakeFiles/CMakeTmp/CheckSymbolExists.c
Linking C executable cmTC_37200
/usr/bin/cmake -E cmake_link_script CMakeFiles/cmTC_37200.dir/link.txt --verbose=1
/usr/bin/cc       CMakeFiles/cmTC_37200.dir/CheckSymbolExists.c.o  -o cmTC_37200 -rdynamic 
CMakeFiles/cmTC_37200.dir/CheckSymbolExists.c.o: In function `main':
CheckSymbolExists.c:(.text+0x16): undefined reference to `pthread_create'
collect2: error: ld returned 1 exit status
CMakeFiles/cmTC_37200.dir/build.make:97: recipe for target 'cmTC_37200' failed
make[1]: *** [cmTC_37200] Error 1
make[1]: Leaving directory '/home/user/Abdou/CarND-Term3/CarND_Term3_Project3_Capstone/ros/build/CMakeFiles/CMakeTmp'
Makefile:126: recipe for target 'cmTC_37200/fast' failed
make: *** [cmTC_37200/fast] Error 2

File /home/user/Abdou/CarND-Term3/CarND_Term3_Project3_Capstone/ros/build/CMakeFiles/CMakeTmp/CheckSymbolExists.c:
/* */
#include <pthread.h>

int main(int argc, char** argv)
{
  (void)argv;
#ifndef pthread_create
  return ((int*)(&pthread_create))[argc];
#else
  (void)argc;
  return 0;
#endif
}

Determining if the function pthread_create exists in the pthreads failed with the following output:
Change Dir: /home/user/Abdou/CarND-Term3/CarND_Term3_Project3_Capstone/ros/build/CMakeFiles/CMakeTmp

Run Build Command:"/usr/bin/make" "cmTC_2dfd6/fast"
/usr/bin/make -f CMakeFiles/cmTC_2dfd6.dir/build.make CMakeFiles/cmTC_2dfd6.dir/build
make[1]: Entering directory '/home/user/Abdou/CarND-Term3/CarND_Term3_Project3_Capstone/ros/build/CMakeFiles/CMakeTmp'
Building C object CMakeFiles/cmTC_2dfd6.dir/CheckFunctionExists.c.o
/usr/bin/cc    -DCHECK_FUNCTION_EXISTS=pthread_create   -o CMakeFiles/cmTC_2dfd6.dir/CheckFunctionExists.c.o   -c /usr/share/cmake-3.5/Modules/CheckFunctionExists.c
Linking C executable cmTC_2dfd6
/usr/bin/cmake -E cmake_link_script CMakeFiles/cmTC_2dfd6.dir/link.txt --verbose=1
/usr/bin/cc   -DCHECK_FUNCTION_EXISTS=pthread_create    CMakeFiles/cmTC_2dfd6.dir/CheckFunctionExists.c.o  -o cmTC_2dfd6 -rdynamic -lpthreads 
/usr/bin/ld: cannot find -lpthreads
collect2: error: ld returned 1 exit status
CMakeFiles/cmTC_2dfd6.dir/build.make:97: recipe for target 'cmTC_2dfd6' failed
make[1]: *** [cmTC_2dfd6] Error 1
make[1]: Leaving directory '/home/user/Abdou/CarND-Term3/CarND_Term3_Project3_Capstone/ros/build/CMakeFiles/CMakeTmp'
Makefile:126: recipe for target 'cmTC_2dfd6/fast' failed
make: *** [cmTC_2dfd6/fast] Error 2


